INFO  [2017-02-22 05:19:29,986] org.eclipse.jetty.util.log: Logging initialized @1098ms
INFO  [2017-02-22 05:19:30,079] io.dropwizard.server.DefaultServerFactory: Registering jersey handler with root path prefix: /
INFO  [2017-02-22 05:19:30,079] io.dropwizard.server.DefaultServerFactory: Registering admin handler with root path prefix: /
INFO  [2017-02-22 05:19:30,079] com.wso2telco.tip.messenger.conf.ApplicationInitializer: Registering REST resources
INFO  [2017-02-22 05:19:30,079] com.wso2telco.tip.messenger.conf.ApplicationInitializer: Initializing Config
INFO  [2017-02-22 05:19:30,083] io.dropwizard.server.DefaultServerFactory: Registering jersey handler with root path prefix: /
INFO  [2017-02-22 05:19:30,083] io.dropwizard.server.DefaultServerFactory: Registering admin handler with root path prefix: /
INFO  [2017-02-22 05:19:30,085] io.dropwizard.server.ServerFactory: Starting ApplicationInitializer
INFO  [2017-02-22 05:19:30,257] org.eclipse.jetty.setuid.SetUIDListener: Opened application@2f058b8a{HTTP/1.1,[http/1.1]}{0.0.0.0:7000}
INFO  [2017-02-22 05:19:30,259] org.eclipse.jetty.setuid.SetUIDListener: Opened admin@756cf158{HTTP/1.1,[http/1.1]}{0.0.0.0:7001}
INFO  [2017-02-22 05:19:30,260] org.eclipse.jetty.server.Server: jetty-9.3.z-SNAPSHOT
INFO  [2017-02-22 05:19:30,792] io.dropwizard.jersey.DropwizardResourceConfig: The following paths were found for the configured resources:

    GET     /messenger/callback (com.wso2telco.tip.messenger.api.Endpoints)
    POST    /messenger/callback (com.wso2telco.tip.messenger.api.Endpoints)
    GET     /messenger/version (com.wso2telco.tip.messenger.api.Endpoints)

INFO  [2017-02-22 05:19:30,793] org.eclipse.jetty.server.handler.ContextHandler: Started i.d.j.MutableServletContextHandler@53ac845a{/,null,AVAILABLE}
INFO  [2017-02-22 05:19:30,798] io.dropwizard.setup.AdminEnvironment: tasks = 

    POST    /tasks/log-level (io.dropwizard.servlets.tasks.LogConfigurationTask)
    POST    /tasks/gc (io.dropwizard.servlets.tasks.GarbageCollectionTask)

WARN  [2017-02-22 05:19:30,798] io.dropwizard.setup.AdminEnvironment: 
!!!!!!!!!!!!!!!!!!!!!!!!!!!!!!!!!!!!!!!!!!!!!!!!!!!!!!!!!!!!!!!!!!!!!!!!!!!!!!!!
!!!!!!!!!!!!!!!!!!!!!!!!!!!!!!!!!!!!!!!!!!!!!!!!!!!!!!!!!!!!!!!!!!!!!!!!!!!!!!!!
!    THIS APPLICATION HAS NO HEALTHCHECKS. THIS MEANS YOU WILL NEVER KNOW      !
!     IF IT DIES IN PRODUCTION, WHICH MEANS YOU WILL NEVER KNOW IF YOU'RE      !
!    LETTING YOUR USERS DOWN. YOU SHOULD ADD A HEALTHCHECK FOR EACH OF YOUR    !
!         APPLICATION'S DEPENDENCIES WHICH FULLY (BUT LIGHTLY) TESTS IT.       !
!!!!!!!!!!!!!!!!!!!!!!!!!!!!!!!!!!!!!!!!!!!!!!!!!!!!!!!!!!!!!!!!!!!!!!!!!!!!!!!!
!!!!!!!!!!!!!!!!!!!!!!!!!!!!!!!!!!!!!!!!!!!!!!!!!!!!!!!!!!!!!!!!!!!!!!!!!!!!!!!!
INFO  [2017-02-22 05:19:30,805] org.eclipse.jetty.server.handler.ContextHandler: Started i.d.j.MutableServletContextHandler@4eb30d44{/,null,AVAILABLE}
INFO  [2017-02-22 05:19:30,812] org.eclipse.jetty.server.AbstractConnector: Started application@2f058b8a{HTTP/1.1,[http/1.1]}{0.0.0.0:7000}
INFO  [2017-02-22 05:19:30,813] org.eclipse.jetty.server.AbstractConnector: Started admin@756cf158{HTTP/1.1,[http/1.1]}{0.0.0.0:7001}
INFO  [2017-02-22 05:19:30,813] org.eclipse.jetty.server.Server: Started @1926ms
INFO  [2017-02-22 05:19:48,163] com.wso2telco.tip.messenger.api.Endpoints: version endpoint called
INFO  [2017-02-22 05:25:31,379] org.eclipse.jetty.server.AbstractConnector: Stopped application@2f058b8a{HTTP/1.1,[http/1.1]}{0.0.0.0:7000}
INFO  [2017-02-22 05:25:31,385] org.eclipse.jetty.server.AbstractConnector: Stopped admin@756cf158{HTTP/1.1,[http/1.1]}{0.0.0.0:7001}
INFO  [2017-02-22 05:25:31,388] org.eclipse.jetty.server.handler.ContextHandler: Stopped i.d.j.MutableServletContextHandler@4eb30d44{/,null,UNAVAILABLE}
INFO  [2017-02-22 05:25:31,395] org.eclipse.jetty.server.handler.ContextHandler: Stopped i.d.j.MutableServletContextHandler@53ac845a{/,null,UNAVAILABLE}
