INFO  [2017-02-16 20:15:48,102] org.eclipse.jetty.util.log: Logging initialized @1188ms
INFO  [2017-02-16 20:15:48,222] io.dropwizard.server.DefaultServerFactory: Registering jersey handler with root path prefix: /
INFO  [2017-02-16 20:15:48,223] io.dropwizard.server.DefaultServerFactory: Registering admin handler with root path prefix: /
INFO  [2017-02-16 20:15:48,223] com.wso2telco.tip.conf.ApplicationInitializer: Registering REST resources
INFO  [2017-02-16 20:15:48,223] com.wso2telco.tip.conf.ApplicationInitializer: Initializing Config
INFO  [2017-02-16 20:15:48,228] io.dropwizard.server.DefaultServerFactory: Registering jersey handler with root path prefix: /
INFO  [2017-02-16 20:15:48,228] io.dropwizard.server.DefaultServerFactory: Registering admin handler with root path prefix: /
INFO  [2017-02-16 20:15:48,230] io.dropwizard.server.ServerFactory: Starting ApplicationInitializer
INFO  [2017-02-16 20:15:48,427] org.eclipse.jetty.setuid.SetUIDListener: Opened application@293bb8a5{SSL,[ssl, http/1.1]}{0.0.0.0:8181}
INFO  [2017-02-16 20:15:48,428] org.eclipse.jetty.setuid.SetUIDListener: Opened admin@2416a51{HTTP/1.1,[http/1.1]}{0.0.0.0:8282}
INFO  [2017-02-16 20:15:48,430] org.eclipse.jetty.server.Server: jetty-9.3.z-SNAPSHOT
WARN  [2017-02-16 20:15:48,578] org.eclipse.jetty.util.thread.QueuedThreadPool: dw-admin{STOPPED,1<=0<=64,i=0,q=0} rejected org.eclipse.jetty.io.ManagedSelector@780ec4a5 id=0 keys=0 selected=0
ERROR [2017-02-16 20:15:48,580] io.dropwizard.cli.ServerCommand: Unable to start server, shutting down
! java.lang.IllegalStateException: Unable to retrieve certificate chain
! at org.eclipse.jetty.util.security.CertificateValidator.validate(CertificateValidator.java:179)
! at org.eclipse.jetty.util.ssl.SslContextFactory.doStart(SslContextFactory.java:367)
! at org.eclipse.jetty.util.component.AbstractLifeCycle.start(AbstractLifeCycle.java:68)
! at org.eclipse.jetty.util.component.ContainerLifeCycle.start(ContainerLifeCycle.java:132)
! at org.eclipse.jetty.server.Server.start(Server.java:411)
! at org.eclipse.jetty.util.component.ContainerLifeCycle.doStart(ContainerLifeCycle.java:114)
! at org.eclipse.jetty.server.handler.AbstractHandler.doStart(AbstractHandler.java:61)
! at org.eclipse.jetty.server.Server.doStart(Server.java:378)
! ... 7 common frames omitted
! Causing: org.eclipse.jetty.util.MultiException: Multiple exceptions
! at org.eclipse.jetty.server.Server.doStart(Server.java:353)
! at org.eclipse.jetty.util.component.AbstractLifeCycle.start(AbstractLifeCycle.java:68)
! at io.dropwizard.cli.ServerCommand.run(ServerCommand.java:53)
! at io.dropwizard.cli.EnvironmentCommand.run(EnvironmentCommand.java:44)
! at io.dropwizard.cli.ConfiguredCommand.run(ConfiguredCommand.java:85)
! at io.dropwizard.cli.Cli.run(Cli.java:75)
! at io.dropwizard.Application.run(Application.java:79)
! at com.wso2telco.tip.conf.ApplicationInitializer.main(ApplicationInitializer.java:18)
! Suppressed: java.lang.IllegalStateException: Unable to retrieve certificate chain
! 	at org.eclipse.jetty.util.security.CertificateValidator.validate(CertificateValidator.java:179)
! 	at org.eclipse.jetty.util.ssl.SslContextFactory.doStart(SslContextFactory.java:367)
! 	at org.eclipse.jetty.util.component.AbstractLifeCycle.start(AbstractLifeCycle.java:68)
! 	at org.eclipse.jetty.util.component.ContainerLifeCycle.start(ContainerLifeCycle.java:132)
! 	at org.eclipse.jetty.util.component.ContainerLifeCycle.doStart(ContainerLifeCycle.java:114)
! 	at org.eclipse.jetty.server.SslConnectionFactory.doStart(SslConnectionFactory.java:64)
! 	at org.eclipse.jetty.util.component.AbstractLifeCycle.start(AbstractLifeCycle.java:68)
! 	at org.eclipse.jetty.util.component.ContainerLifeCycle.start(ContainerLifeCycle.java:132)
! 	at org.eclipse.jetty.util.component.ContainerLifeCycle.doStart(ContainerLifeCycle.java:114)
! 	at org.eclipse.jetty.util.component.AbstractLifeCycle.start(AbstractLifeCycle.java:68)
! 	at org.eclipse.jetty.util.component.ContainerLifeCycle.start(ContainerLifeCycle.java:132)
! 	at org.eclipse.jetty.util.component.ContainerLifeCycle.doStart(ContainerLifeCycle.java:114)
! 	at org.eclipse.jetty.server.AbstractConnector.doStart(AbstractConnector.java:260)
! 	at org.eclipse.jetty.server.AbstractNetworkConnector.doStart(AbstractNetworkConnector.java:81)
! 	at org.eclipse.jetty.server.ServerConnector.doStart(ServerConnector.java:235)
! 	at org.eclipse.jetty.util.component.AbstractLifeCycle.start(AbstractLifeCycle.java:68)
! 	at org.eclipse.jetty.server.Server.doStart(Server.java:390)
! 	... 7 common frames omitted
! Suppressed: java.util.concurrent.RejectedExecutionException: org.eclipse.jetty.io.ManagedSelector@780ec4a5 id=0 keys=0 selected=0
! 	at org.eclipse.jetty.util.thread.QueuedThreadPool.execute(QueuedThreadPool.java:383)
! 	at org.eclipse.jetty.io.SelectorManager.execute(SelectorManager.java:143)
! 	at org.eclipse.jetty.io.ManagedSelector.doStart(ManagedSelector.java:91)
! 	at org.eclipse.jetty.util.component.AbstractLifeCycle.start(AbstractLifeCycle.java:68)
! 	at org.eclipse.jetty.util.component.ContainerLifeCycle.start(ContainerLifeCycle.java:132)
! 	at org.eclipse.jetty.util.component.ContainerLifeCycle.doStart(ContainerLifeCycle.java:114)
! 	at org.eclipse.jetty.io.SelectorManager.doStart(SelectorManager.java:273)
! 	at org.eclipse.jetty.util.component.AbstractLifeCycle.start(AbstractLifeCycle.java:68)
! 	at org.eclipse.jetty.util.component.ContainerLifeCycle.start(ContainerLifeCycle.java:132)
! 	at org.eclipse.jetty.util.component.ContainerLifeCycle.doStart(ContainerLifeCycle.java:106)
! 	at org.eclipse.jetty.server.AbstractConnector.doStart(AbstractConnector.java:260)
! 	at org.eclipse.jetty.server.AbstractNetworkConnector.doStart(AbstractNetworkConnector.java:81)
! 	at org.eclipse.jetty.server.ServerConnector.doStart(ServerConnector.java:235)
! 	at org.eclipse.jetty.util.component.AbstractLifeCycle.start(AbstractLifeCycle.java:68)
! 	at org.eclipse.jetty.server.Server.doStart(Server.java:390)
! 	... 7 common frames omitted
INFO  [2017-02-16 20:15:48,587] org.eclipse.jetty.server.AbstractConnector: Stopped application@293bb8a5{SSL,[ssl, http/1.1]}{0.0.0.0:8181}
INFO  [2017-02-16 20:16:48,591] org.eclipse.jetty.server.AbstractConnector: Stopped admin@2416a51{HTTP/1.1,[http/1.1]}{0.0.0.0:8282}
INFO  [2017-02-16 22:07:06,370] org.eclipse.jetty.util.log: Logging initialized @1128ms
INFO  [2017-02-16 22:07:06,425] io.dropwizard.server.DefaultServerFactory: Registering jersey handler with root path prefix: /
INFO  [2017-02-16 22:07:06,426] io.dropwizard.server.DefaultServerFactory: Registering admin handler with root path prefix: /
INFO  [2017-02-16 22:07:06,426] com.wso2telco.tip.conf.ApplicationInitializer: Registering REST resources
INFO  [2017-02-16 22:07:06,426] com.wso2telco.tip.conf.ApplicationInitializer: Initializing Config
INFO  [2017-02-16 22:07:06,429] io.dropwizard.server.DefaultServerFactory: Registering jersey handler with root path prefix: /
INFO  [2017-02-16 22:07:06,429] io.dropwizard.server.DefaultServerFactory: Registering admin handler with root path prefix: /
INFO  [2017-02-16 22:07:06,430] io.dropwizard.server.ServerFactory: Starting ApplicationInitializer
INFO  [2017-02-16 22:07:06,567] org.eclipse.jetty.setuid.SetUIDListener: Opened application@6e9319f{HTTP/1.1,[http/1.1]}{0.0.0.0:8181}
INFO  [2017-02-16 22:07:06,567] org.eclipse.jetty.setuid.SetUIDListener: Opened application@72e34f77{SSL,[ssl, http/1.1]}{0.0.0.0:8444}
INFO  [2017-02-16 22:07:06,567] org.eclipse.jetty.setuid.SetUIDListener: Opened admin@7bf9b098{HTTP/1.1,[http/1.1]}{0.0.0.0:8282}
INFO  [2017-02-16 22:07:06,568] org.eclipse.jetty.server.Server: jetty-9.3.z-SNAPSHOT
INFO  [2017-02-16 22:07:06,634] org.eclipse.jetty.util.ssl.SslContextFactory: x509=X509@69f63d95(wso2carbon.cert,h=[],w=[]) for SslContextFactory@9cd25ff(file:///home/yasith/Telco/TIP/InternalGateway/wso2telcohub-2.0.0/repository/resources/security/wso2carbon.jks,null)
INFO  [2017-02-16 22:07:06,634] org.eclipse.jetty.util.ssl.SslContextFactory: x509=X509@27e0f2f5(verisignclass3g2ca,h=[],w=[]) for SslContextFactory@9cd25ff(file:///home/yasith/Telco/TIP/InternalGateway/wso2telcohub-2.0.0/repository/resources/security/wso2carbon.jks,null)
INFO  [2017-02-16 22:07:06,635] org.eclipse.jetty.util.ssl.SslContextFactory: x509=X509@3574e198(wso2carbon,h=[],w=[]) for SslContextFactory@9cd25ff(file:///home/yasith/Telco/TIP/InternalGateway/wso2telcohub-2.0.0/repository/resources/security/wso2carbon.jks,null)
INFO  [2017-02-16 22:07:06,635] org.eclipse.jetty.util.ssl.SslContextFactory: x509=X509@6db66836(thawtepersonalbasicca,h=[],w=[]) for SslContextFactory@9cd25ff(file:///home/yasith/Telco/TIP/InternalGateway/wso2telcohub-2.0.0/repository/resources/security/wso2carbon.jks,null)
INFO  [2017-02-16 22:07:06,636] org.eclipse.jetty.util.ssl.SslContextFactory: x509=X509@db44aa2(verisignclass2g3ca,h=[],w=[]) for SslContextFactory@9cd25ff(file:///home/yasith/Telco/TIP/InternalGateway/wso2telcohub-2.0.0/repository/resources/security/wso2carbon.jks,null)
INFO  [2017-02-16 22:07:06,636] org.eclipse.jetty.util.ssl.SslContextFactory: x509=X509@2de366bb(thawtepersonalpremiumca,h=[],w=[]) for SslContextFactory@9cd25ff(file:///home/yasith/Telco/TIP/InternalGateway/wso2telcohub-2.0.0/repository/resources/security/wso2carbon.jks,null)
INFO  [2017-02-16 22:07:06,637] org.eclipse.jetty.util.ssl.SslContextFactory: x509=X509@3f093abe(valicertclass2ca,h=[http://www.valicert.com/],w=[]) for SslContextFactory@9cd25ff(file:///home/yasith/Telco/TIP/InternalGateway/wso2telcohub-2.0.0/repository/resources/security/wso2carbon.jks,null)
INFO  [2017-02-16 22:07:06,637] org.eclipse.jetty.util.ssl.SslContextFactory: x509=X509@61a002b1(equifaxsecureebusinessca1,h=[],w=[]) for SslContextFactory@9cd25ff(file:///home/yasith/Telco/TIP/InternalGateway/wso2telcohub-2.0.0/repository/resources/security/wso2carbon.jks,null)
INFO  [2017-02-16 22:07:06,637] org.eclipse.jetty.util.ssl.SslContextFactory: x509=X509@4eeea57d(thawtepremiumserverca,h=[],w=[]) for SslContextFactory@9cd25ff(file:///home/yasith/Telco/TIP/InternalGateway/wso2telcohub-2.0.0/repository/resources/security/wso2carbon.jks,null)
INFO  [2017-02-16 22:07:06,638] org.eclipse.jetty.util.ssl.SslContextFactory: x509=X509@780ec4a5(verisignclass2g2ca,h=[],w=[]) for SslContextFactory@9cd25ff(file:///home/yasith/Telco/TIP/InternalGateway/wso2telcohub-2.0.0/repository/resources/security/wso2carbon.jks,null)
INFO  [2017-02-16 22:07:06,638] org.eclipse.jetty.util.ssl.SslContextFactory: x509=X509@e24ddd0(gtecybertrustca,h=[],w=[]) for SslContextFactory@9cd25ff(file:///home/yasith/Telco/TIP/InternalGateway/wso2telcohub-2.0.0/repository/resources/security/wso2carbon.jks,null)
INFO  [2017-02-16 22:07:06,638] org.eclipse.jetty.util.ssl.SslContextFactory: x509=X509@6f70f32f(starfieldclass2ca,h=[],w=[]) for SslContextFactory@9cd25ff(file:///home/yasith/Telco/TIP/InternalGateway/wso2telcohub-2.0.0/repository/resources/security/wso2carbon.jks,null)
INFO  [2017-02-16 22:07:06,639] org.eclipse.jetty.util.ssl.SslContextFactory: x509=X509@548e76f1(verisignclass1g3ca,h=[],w=[]) for SslContextFactory@9cd25ff(file:///home/yasith/Telco/TIP/InternalGateway/wso2telcohub-2.0.0/repository/resources/security/wso2carbon.jks,null)
INFO  [2017-02-16 22:07:06,639] org.eclipse.jetty.util.ssl.SslContextFactory: x509=X509@5aabbb29(localhost,h=[],w=[]) for SslContextFactory@9cd25ff(file:///home/yasith/Telco/TIP/InternalGateway/wso2telcohub-2.0.0/repository/resources/security/wso2carbon.jks,null)
INFO  [2017-02-16 22:07:06,639] org.eclipse.jetty.util.ssl.SslContextFactory: x509=X509@72c927f1(thawteserverca,h=[],w=[]) for SslContextFactory@9cd25ff(file:///home/yasith/Telco/TIP/InternalGateway/wso2telcohub-2.0.0/repository/resources/security/wso2carbon.jks,null)
INFO  [2017-02-16 22:07:06,640] org.eclipse.jetty.util.ssl.SslContextFactory: x509=X509@1ac85b0c(verisignclass3ca,h=[],w=[]) for SslContextFactory@9cd25ff(file:///home/yasith/Telco/TIP/InternalGateway/wso2telcohub-2.0.0/repository/resources/security/wso2carbon.jks,null)
INFO  [2017-02-16 22:07:06,640] org.eclipse.jetty.util.ssl.SslContextFactory: x509=X509@3aa3193a(geotrustglobalca,h=[],w=[]) for SslContextFactory@9cd25ff(file:///home/yasith/Telco/TIP/InternalGateway/wso2telcohub-2.0.0/repository/resources/security/wso2carbon.jks,null)
INFO  [2017-02-16 22:07:06,641] org.eclipse.jetty.util.ssl.SslContextFactory: x509=X509@1ee4730(verisignclass1g2ca,h=[],w=[]) for SslContextFactory@9cd25ff(file:///home/yasith/Telco/TIP/InternalGateway/wso2telcohub-2.0.0/repository/resources/security/wso2carbon.jks,null)
INFO  [2017-02-16 22:07:06,641] org.eclipse.jetty.util.ssl.SslContextFactory: x509=X509@59a67c3a(mycert,h=[],w=[]) for SslContextFactory@9cd25ff(file:///home/yasith/Telco/TIP/InternalGateway/wso2telcohub-2.0.0/repository/resources/security/wso2carbon.jks,null)
INFO  [2017-02-16 22:07:06,642] org.eclipse.jetty.util.ssl.SslContextFactory: x509=X509@5003041b(verisignclass2ca,h=[],w=[]) for SslContextFactory@9cd25ff(file:///home/yasith/Telco/TIP/InternalGateway/wso2telcohub-2.0.0/repository/resources/security/wso2carbon.jks,null)
INFO  [2017-02-16 22:07:06,642] org.eclipse.jetty.util.ssl.SslContextFactory: x509=X509@724bade8(verisignserverca,h=[],w=[]) for SslContextFactory@9cd25ff(file:///home/yasith/Telco/TIP/InternalGateway/wso2telcohub-2.0.0/repository/resources/security/wso2carbon.jks,null)
INFO  [2017-02-16 22:07:06,642] org.eclipse.jetty.util.ssl.SslContextFactory: x509=X509@16fb356(entrust2048ca,h=[],w=[]) for SslContextFactory@9cd25ff(file:///home/yasith/Telco/TIP/InternalGateway/wso2telcohub-2.0.0/repository/resources/security/wso2carbon.jks,null)
INFO  [2017-02-16 22:07:06,642] org.eclipse.jetty.util.ssl.SslContextFactory: x509=X509@6bc248ed(verisignclass1ca,h=[],w=[]) for SslContextFactory@9cd25ff(file:///home/yasith/Telco/TIP/InternalGateway/wso2telcohub-2.0.0/repository/resources/security/wso2carbon.jks,null)
INFO  [2017-02-16 22:07:06,643] org.eclipse.jetty.util.ssl.SslContextFactory: x509=X509@23a9ba52(gtecybertrustglobalca,h=[],w=[]) for SslContextFactory@9cd25ff(file:///home/yasith/Telco/TIP/InternalGateway/wso2telcohub-2.0.0/repository/resources/security/wso2carbon.jks,null)
INFO  [2017-02-16 22:07:06,643] org.eclipse.jetty.util.ssl.SslContextFactory: x509=X509@ca27722(thawtepersonalfreemailca,h=[],w=[]) for SslContextFactory@9cd25ff(file:///home/yasith/Telco/TIP/InternalGateway/wso2telcohub-2.0.0/repository/resources/security/wso2carbon.jks,null)
INFO  [2017-02-16 22:07:06,643] org.eclipse.jetty.util.ssl.SslContextFactory: x509=X509@70ab80e3(godaddyclass2ca,h=[],w=[]) for SslContextFactory@9cd25ff(file:///home/yasith/Telco/TIP/InternalGateway/wso2telcohub-2.0.0/repository/resources/security/wso2carbon.jks,null)
INFO  [2017-02-16 22:07:06,644] org.eclipse.jetty.util.ssl.SslContextFactory: x509=X509@9573b3b(verisignclass3g3ca,h=[],w=[]) for SslContextFactory@9cd25ff(file:///home/yasith/Telco/TIP/InternalGateway/wso2telcohub-2.0.0/repository/resources/security/wso2carbon.jks,null)
INFO  [2017-02-16 22:07:06,644] org.eclipse.jetty.util.ssl.SslContextFactory: x509=X509@67427b69(equifaxsecureglobalebusinessca1,h=[],w=[]) for SslContextFactory@9cd25ff(file:///home/yasith/Telco/TIP/InternalGateway/wso2telcohub-2.0.0/repository/resources/security/wso2carbon.jks,null)
INFO  [2017-02-16 22:07:06,810] io.dropwizard.jetty.HttpsConnectorFactory: Supported protocols: [SSLv2Hello, SSLv3, TLSv1, TLSv1.1, TLSv1.2]
INFO  [2017-02-16 22:07:06,810] io.dropwizard.jetty.HttpsConnectorFactory: Supported cipher suites: [TLS_ECDHE_ECDSA_WITH_AES_128_CBC_SHA256, TLS_ECDHE_RSA_WITH_AES_128_CBC_SHA256, TLS_RSA_WITH_AES_128_CBC_SHA256, TLS_ECDH_ECDSA_WITH_AES_128_CBC_SHA256, TLS_ECDH_RSA_WITH_AES_128_CBC_SHA256, TLS_DHE_RSA_WITH_AES_128_CBC_SHA256, TLS_DHE_DSS_WITH_AES_128_CBC_SHA256, TLS_ECDHE_ECDSA_WITH_AES_128_CBC_SHA, TLS_ECDHE_RSA_WITH_AES_128_CBC_SHA, TLS_RSA_WITH_AES_128_CBC_SHA, TLS_ECDH_ECDSA_WITH_AES_128_CBC_SHA, TLS_ECDH_RSA_WITH_AES_128_CBC_SHA, TLS_DHE_RSA_WITH_AES_128_CBC_SHA, TLS_DHE_DSS_WITH_AES_128_CBC_SHA, TLS_ECDHE_ECDSA_WITH_AES_128_GCM_SHA256, TLS_ECDHE_RSA_WITH_AES_128_GCM_SHA256, TLS_RSA_WITH_AES_128_GCM_SHA256, TLS_ECDH_ECDSA_WITH_AES_128_GCM_SHA256, TLS_ECDH_RSA_WITH_AES_128_GCM_SHA256, TLS_DHE_RSA_WITH_AES_128_GCM_SHA256, TLS_DHE_DSS_WITH_AES_128_GCM_SHA256, TLS_ECDHE_ECDSA_WITH_3DES_EDE_CBC_SHA, TLS_ECDHE_RSA_WITH_3DES_EDE_CBC_SHA, SSL_RSA_WITH_3DES_EDE_CBC_SHA, TLS_ECDH_ECDSA_WITH_3DES_EDE_CBC_SHA, TLS_ECDH_RSA_WITH_3DES_EDE_CBC_SHA, SSL_DHE_RSA_WITH_3DES_EDE_CBC_SHA, SSL_DHE_DSS_WITH_3DES_EDE_CBC_SHA, TLS_EMPTY_RENEGOTIATION_INFO_SCSV, TLS_DH_anon_WITH_AES_128_GCM_SHA256, TLS_DH_anon_WITH_AES_128_CBC_SHA256, TLS_ECDH_anon_WITH_AES_128_CBC_SHA, TLS_DH_anon_WITH_AES_128_CBC_SHA, TLS_ECDH_anon_WITH_3DES_EDE_CBC_SHA, SSL_DH_anon_WITH_3DES_EDE_CBC_SHA, SSL_RSA_WITH_DES_CBC_SHA, SSL_DHE_RSA_WITH_DES_CBC_SHA, SSL_DHE_DSS_WITH_DES_CBC_SHA, SSL_DH_anon_WITH_DES_CBC_SHA, SSL_RSA_EXPORT_WITH_DES40_CBC_SHA, SSL_DHE_RSA_EXPORT_WITH_DES40_CBC_SHA, SSL_DHE_DSS_EXPORT_WITH_DES40_CBC_SHA, SSL_DH_anon_EXPORT_WITH_DES40_CBC_SHA, TLS_RSA_WITH_NULL_SHA256, TLS_ECDHE_ECDSA_WITH_NULL_SHA, TLS_ECDHE_RSA_WITH_NULL_SHA, SSL_RSA_WITH_NULL_SHA, TLS_ECDH_ECDSA_WITH_NULL_SHA, TLS_ECDH_RSA_WITH_NULL_SHA, TLS_ECDH_anon_WITH_NULL_SHA, SSL_RSA_WITH_NULL_MD5, TLS_KRB5_WITH_3DES_EDE_CBC_SHA, TLS_KRB5_WITH_3DES_EDE_CBC_MD5, TLS_KRB5_WITH_DES_CBC_SHA, TLS_KRB5_WITH_DES_CBC_MD5, TLS_KRB5_EXPORT_WITH_DES_CBC_40_SHA, TLS_KRB5_EXPORT_WITH_DES_CBC_40_MD5]
INFO  [2017-02-16 22:07:07,224] io.dropwizard.jersey.DropwizardResourceConfig: The following paths were found for the configured resources:

    POST    /balance/callback (com.wso2telco.tip.api.Endpoints)
    GET     /balance/version (com.wso2telco.tip.api.Endpoints)
    DELETE  /balance/{msisdn} (com.wso2telco.tip.api.Endpoints)
    GET     /balance/{msisdn} (com.wso2telco.tip.api.Endpoints)
    POST    /balance/{msisdn} (com.wso2telco.tip.api.Endpoints)

INFO  [2017-02-16 22:07:07,226] org.eclipse.jetty.server.handler.ContextHandler: Started i.d.j.MutableServletContextHandler@4e17913b{/,null,AVAILABLE}
INFO  [2017-02-16 22:07:07,231] io.dropwizard.setup.AdminEnvironment: tasks = 

    POST    /tasks/log-level (io.dropwizard.servlets.tasks.LogConfigurationTask)
    POST    /tasks/gc (io.dropwizard.servlets.tasks.GarbageCollectionTask)

WARN  [2017-02-16 22:07:07,232] io.dropwizard.setup.AdminEnvironment: 
!!!!!!!!!!!!!!!!!!!!!!!!!!!!!!!!!!!!!!!!!!!!!!!!!!!!!!!!!!!!!!!!!!!!!!!!!!!!!!!!
!!!!!!!!!!!!!!!!!!!!!!!!!!!!!!!!!!!!!!!!!!!!!!!!!!!!!!!!!!!!!!!!!!!!!!!!!!!!!!!!
!    THIS APPLICATION HAS NO HEALTHCHECKS. THIS MEANS YOU WILL NEVER KNOW      !
!     IF IT DIES IN PRODUCTION, WHICH MEANS YOU WILL NEVER KNOW IF YOU'RE      !
!    LETTING YOUR USERS DOWN. YOU SHOULD ADD A HEALTHCHECK FOR EACH OF YOUR    !
!         APPLICATION'S DEPENDENCIES WHICH FULLY (BUT LIGHTLY) TESTS IT.       !
!!!!!!!!!!!!!!!!!!!!!!!!!!!!!!!!!!!!!!!!!!!!!!!!!!!!!!!!!!!!!!!!!!!!!!!!!!!!!!!!
!!!!!!!!!!!!!!!!!!!!!!!!!!!!!!!!!!!!!!!!!!!!!!!!!!!!!!!!!!!!!!!!!!!!!!!!!!!!!!!!
INFO  [2017-02-16 22:07:07,237] org.eclipse.jetty.server.handler.ContextHandler: Started i.d.j.MutableServletContextHandler@6d7cada5{/,null,AVAILABLE}
INFO  [2017-02-16 22:07:07,245] org.eclipse.jetty.server.AbstractConnector: Started application@6e9319f{HTTP/1.1,[http/1.1]}{0.0.0.0:8181}
INFO  [2017-02-16 22:07:07,247] org.eclipse.jetty.server.AbstractConnector: Started application@72e34f77{SSL,[ssl, http/1.1]}{0.0.0.0:8444}
INFO  [2017-02-16 22:07:07,254] org.eclipse.jetty.server.AbstractConnector: Started admin@7bf9b098{HTTP/1.1,[http/1.1]}{0.0.0.0:8282}
INFO  [2017-02-16 22:07:07,254] org.eclipse.jetty.server.Server: Started @2015ms
DEBUG [2017-02-16 22:09:53,267] com.wso2telco.tip.api.Endpoints: version endpoint called
INFO  [2017-02-16 22:09:53,268] com.wso2telco.tip.api.Endpoints: version endpoint called
INFO  [2017-02-16 23:08:17,941] org.eclipse.jetty.server.AbstractConnector: Stopped application@6e9319f{HTTP/1.1,[http/1.1]}{0.0.0.0:8181}
INFO  [2017-02-16 23:08:17,945] org.eclipse.jetty.server.AbstractConnector: Stopped application@72e34f77{SSL,[ssl, http/1.1]}{0.0.0.0:8444}
INFO  [2017-02-16 23:08:17,946] org.eclipse.jetty.server.AbstractConnector: Stopped admin@7bf9b098{HTTP/1.1,[http/1.1]}{0.0.0.0:8282}
INFO  [2017-02-16 23:08:17,948] org.eclipse.jetty.server.handler.ContextHandler: Stopped i.d.j.MutableServletContextHandler@6d7cada5{/,null,UNAVAILABLE}
INFO  [2017-02-16 23:08:17,953] org.eclipse.jetty.server.handler.ContextHandler: Stopped i.d.j.MutableServletContextHandler@4e17913b{/,null,UNAVAILABLE}
INFO  [2017-02-16 23:10:12,201] org.eclipse.jetty.util.log: Logging initialized @1103ms
INFO  [2017-02-16 23:10:12,280] io.dropwizard.server.DefaultServerFactory: Registering jersey handler with root path prefix: /
INFO  [2017-02-16 23:10:12,280] io.dropwizard.server.DefaultServerFactory: Registering admin handler with root path prefix: /
INFO  [2017-02-16 23:10:12,280] com.wso2telco.tip.conf.ApplicationInitializer: Registering REST resources
INFO  [2017-02-16 23:10:12,280] com.wso2telco.tip.conf.ApplicationInitializer: Initializing Config
INFO  [2017-02-16 23:10:12,285] io.dropwizard.server.DefaultServerFactory: Registering jersey handler with root path prefix: /
INFO  [2017-02-16 23:10:12,285] io.dropwizard.server.DefaultServerFactory: Registering admin handler with root path prefix: /
INFO  [2017-02-16 23:10:12,286] io.dropwizard.server.ServerFactory: Starting ApplicationInitializer
INFO  [2017-02-16 23:10:12,459] org.eclipse.jetty.setuid.SetUIDListener: Opened application@6e9319f{HTTP/1.1,[http/1.1]}{0.0.0.0:8181}
INFO  [2017-02-16 23:10:12,460] org.eclipse.jetty.setuid.SetUIDListener: Opened application@72e34f77{SSL,[ssl, http/1.1]}{0.0.0.0:8444}
INFO  [2017-02-16 23:10:12,460] org.eclipse.jetty.setuid.SetUIDListener: Opened admin@7bf9b098{HTTP/1.1,[http/1.1]}{0.0.0.0:8282}
INFO  [2017-02-16 23:10:12,462] org.eclipse.jetty.server.Server: jetty-9.3.z-SNAPSHOT
INFO  [2017-02-16 23:10:12,539] org.eclipse.jetty.util.ssl.SslContextFactory: x509=X509@69f63d95(wso2carbon.cert,h=[],w=[]) for SslContextFactory@9cd25ff(file:///home/yasith/Telco/TIP/InternalGateway/wso2telcohub-2.0.0/repository/resources/security/wso2carbon.jks,null)
INFO  [2017-02-16 23:10:12,540] org.eclipse.jetty.util.ssl.SslContextFactory: x509=X509@27e0f2f5(verisignclass3g2ca,h=[],w=[]) for SslContextFactory@9cd25ff(file:///home/yasith/Telco/TIP/InternalGateway/wso2telcohub-2.0.0/repository/resources/security/wso2carbon.jks,null)
INFO  [2017-02-16 23:10:12,540] org.eclipse.jetty.util.ssl.SslContextFactory: x509=X509@3574e198(wso2carbon,h=[],w=[]) for SslContextFactory@9cd25ff(file:///home/yasith/Telco/TIP/InternalGateway/wso2telcohub-2.0.0/repository/resources/security/wso2carbon.jks,null)
INFO  [2017-02-16 23:10:12,541] org.eclipse.jetty.util.ssl.SslContextFactory: x509=X509@6db66836(thawtepersonalbasicca,h=[],w=[]) for SslContextFactory@9cd25ff(file:///home/yasith/Telco/TIP/InternalGateway/wso2telcohub-2.0.0/repository/resources/security/wso2carbon.jks,null)
INFO  [2017-02-16 23:10:12,542] org.eclipse.jetty.util.ssl.SslContextFactory: x509=X509@db44aa2(verisignclass2g3ca,h=[],w=[]) for SslContextFactory@9cd25ff(file:///home/yasith/Telco/TIP/InternalGateway/wso2telcohub-2.0.0/repository/resources/security/wso2carbon.jks,null)
INFO  [2017-02-16 23:10:12,543] org.eclipse.jetty.util.ssl.SslContextFactory: x509=X509@2de366bb(thawtepersonalpremiumca,h=[],w=[]) for SslContextFactory@9cd25ff(file:///home/yasith/Telco/TIP/InternalGateway/wso2telcohub-2.0.0/repository/resources/security/wso2carbon.jks,null)
INFO  [2017-02-16 23:10:12,543] org.eclipse.jetty.util.ssl.SslContextFactory: x509=X509@3f093abe(valicertclass2ca,h=[http://www.valicert.com/],w=[]) for SslContextFactory@9cd25ff(file:///home/yasith/Telco/TIP/InternalGateway/wso2telcohub-2.0.0/repository/resources/security/wso2carbon.jks,null)
INFO  [2017-02-16 23:10:12,544] org.eclipse.jetty.util.ssl.SslContextFactory: x509=X509@61a002b1(equifaxsecureebusinessca1,h=[],w=[]) for SslContextFactory@9cd25ff(file:///home/yasith/Telco/TIP/InternalGateway/wso2telcohub-2.0.0/repository/resources/security/wso2carbon.jks,null)
INFO  [2017-02-16 23:10:12,544] org.eclipse.jetty.util.ssl.SslContextFactory: x509=X509@4eeea57d(thawtepremiumserverca,h=[],w=[]) for SslContextFactory@9cd25ff(file:///home/yasith/Telco/TIP/InternalGateway/wso2telcohub-2.0.0/repository/resources/security/wso2carbon.jks,null)
INFO  [2017-02-16 23:10:12,545] org.eclipse.jetty.util.ssl.SslContextFactory: x509=X509@780ec4a5(verisignclass2g2ca,h=[],w=[]) for SslContextFactory@9cd25ff(file:///home/yasith/Telco/TIP/InternalGateway/wso2telcohub-2.0.0/repository/resources/security/wso2carbon.jks,null)
INFO  [2017-02-16 23:10:12,545] org.eclipse.jetty.util.ssl.SslContextFactory: x509=X509@e24ddd0(gtecybertrustca,h=[],w=[]) for SslContextFactory@9cd25ff(file:///home/yasith/Telco/TIP/InternalGateway/wso2telcohub-2.0.0/repository/resources/security/wso2carbon.jks,null)
INFO  [2017-02-16 23:10:12,546] org.eclipse.jetty.util.ssl.SslContextFactory: x509=X509@6f70f32f(starfieldclass2ca,h=[],w=[]) for SslContextFactory@9cd25ff(file:///home/yasith/Telco/TIP/InternalGateway/wso2telcohub-2.0.0/repository/resources/security/wso2carbon.jks,null)
INFO  [2017-02-16 23:10:12,546] org.eclipse.jetty.util.ssl.SslContextFactory: x509=X509@548e76f1(verisignclass1g3ca,h=[],w=[]) for SslContextFactory@9cd25ff(file:///home/yasith/Telco/TIP/InternalGateway/wso2telcohub-2.0.0/repository/resources/security/wso2carbon.jks,null)
INFO  [2017-02-16 23:10:12,546] org.eclipse.jetty.util.ssl.SslContextFactory: x509=X509@5aabbb29(localhost,h=[],w=[]) for SslContextFactory@9cd25ff(file:///home/yasith/Telco/TIP/InternalGateway/wso2telcohub-2.0.0/repository/resources/security/wso2carbon.jks,null)
INFO  [2017-02-16 23:10:12,547] org.eclipse.jetty.util.ssl.SslContextFactory: x509=X509@72c927f1(thawteserverca,h=[],w=[]) for SslContextFactory@9cd25ff(file:///home/yasith/Telco/TIP/InternalGateway/wso2telcohub-2.0.0/repository/resources/security/wso2carbon.jks,null)
INFO  [2017-02-16 23:10:12,547] org.eclipse.jetty.util.ssl.SslContextFactory: x509=X509@1ac85b0c(verisignclass3ca,h=[],w=[]) for SslContextFactory@9cd25ff(file:///home/yasith/Telco/TIP/InternalGateway/wso2telcohub-2.0.0/repository/resources/security/wso2carbon.jks,null)
INFO  [2017-02-16 23:10:12,548] org.eclipse.jetty.util.ssl.SslContextFactory: x509=X509@3aa3193a(geotrustglobalca,h=[],w=[]) for SslContextFactory@9cd25ff(file:///home/yasith/Telco/TIP/InternalGateway/wso2telcohub-2.0.0/repository/resources/security/wso2carbon.jks,null)
INFO  [2017-02-16 23:10:12,549] org.eclipse.jetty.util.ssl.SslContextFactory: x509=X509@1ee4730(verisignclass1g2ca,h=[],w=[]) for SslContextFactory@9cd25ff(file:///home/yasith/Telco/TIP/InternalGateway/wso2telcohub-2.0.0/repository/resources/security/wso2carbon.jks,null)
INFO  [2017-02-16 23:10:12,549] org.eclipse.jetty.util.ssl.SslContextFactory: x509=X509@59a67c3a(mycert,h=[],w=[]) for SslContextFactory@9cd25ff(file:///home/yasith/Telco/TIP/InternalGateway/wso2telcohub-2.0.0/repository/resources/security/wso2carbon.jks,null)
INFO  [2017-02-16 23:10:12,550] org.eclipse.jetty.util.ssl.SslContextFactory: x509=X509@5003041b(verisignclass2ca,h=[],w=[]) for SslContextFactory@9cd25ff(file:///home/yasith/Telco/TIP/InternalGateway/wso2telcohub-2.0.0/repository/resources/security/wso2carbon.jks,null)
INFO  [2017-02-16 23:10:12,550] org.eclipse.jetty.util.ssl.SslContextFactory: x509=X509@724bade8(verisignserverca,h=[],w=[]) for SslContextFactory@9cd25ff(file:///home/yasith/Telco/TIP/InternalGateway/wso2telcohub-2.0.0/repository/resources/security/wso2carbon.jks,null)
INFO  [2017-02-16 23:10:12,553] org.eclipse.jetty.util.ssl.SslContextFactory: x509=X509@16fb356(entrust2048ca,h=[],w=[]) for SslContextFactory@9cd25ff(file:///home/yasith/Telco/TIP/InternalGateway/wso2telcohub-2.0.0/repository/resources/security/wso2carbon.jks,null)
INFO  [2017-02-16 23:10:12,553] org.eclipse.jetty.util.ssl.SslContextFactory: x509=X509@6bc248ed(verisignclass1ca,h=[],w=[]) for SslContextFactory@9cd25ff(file:///home/yasith/Telco/TIP/InternalGateway/wso2telcohub-2.0.0/repository/resources/security/wso2carbon.jks,null)
INFO  [2017-02-16 23:10:12,554] org.eclipse.jetty.util.ssl.SslContextFactory: x509=X509@23a9ba52(gtecybertrustglobalca,h=[],w=[]) for SslContextFactory@9cd25ff(file:///home/yasith/Telco/TIP/InternalGateway/wso2telcohub-2.0.0/repository/resources/security/wso2carbon.jks,null)
INFO  [2017-02-16 23:10:12,555] org.eclipse.jetty.util.ssl.SslContextFactory: x509=X509@ca27722(thawtepersonalfreemailca,h=[],w=[]) for SslContextFactory@9cd25ff(file:///home/yasith/Telco/TIP/InternalGateway/wso2telcohub-2.0.0/repository/resources/security/wso2carbon.jks,null)
INFO  [2017-02-16 23:10:12,555] org.eclipse.jetty.util.ssl.SslContextFactory: x509=X509@70ab80e3(godaddyclass2ca,h=[],w=[]) for SslContextFactory@9cd25ff(file:///home/yasith/Telco/TIP/InternalGateway/wso2telcohub-2.0.0/repository/resources/security/wso2carbon.jks,null)
INFO  [2017-02-16 23:10:12,556] org.eclipse.jetty.util.ssl.SslContextFactory: x509=X509@9573b3b(verisignclass3g3ca,h=[],w=[]) for SslContextFactory@9cd25ff(file:///home/yasith/Telco/TIP/InternalGateway/wso2telcohub-2.0.0/repository/resources/security/wso2carbon.jks,null)
INFO  [2017-02-16 23:10:12,557] org.eclipse.jetty.util.ssl.SslContextFactory: x509=X509@67427b69(equifaxsecureglobalebusinessca1,h=[],w=[]) for SslContextFactory@9cd25ff(file:///home/yasith/Telco/TIP/InternalGateway/wso2telcohub-2.0.0/repository/resources/security/wso2carbon.jks,null)
INFO  [2017-02-16 23:10:12,737] io.dropwizard.jetty.HttpsConnectorFactory: Supported protocols: [SSLv2Hello, SSLv3, TLSv1, TLSv1.1, TLSv1.2]
INFO  [2017-02-16 23:10:12,737] io.dropwizard.jetty.HttpsConnectorFactory: Supported cipher suites: [TLS_ECDHE_ECDSA_WITH_AES_128_CBC_SHA256, TLS_ECDHE_RSA_WITH_AES_128_CBC_SHA256, TLS_RSA_WITH_AES_128_CBC_SHA256, TLS_ECDH_ECDSA_WITH_AES_128_CBC_SHA256, TLS_ECDH_RSA_WITH_AES_128_CBC_SHA256, TLS_DHE_RSA_WITH_AES_128_CBC_SHA256, TLS_DHE_DSS_WITH_AES_128_CBC_SHA256, TLS_ECDHE_ECDSA_WITH_AES_128_CBC_SHA, TLS_ECDHE_RSA_WITH_AES_128_CBC_SHA, TLS_RSA_WITH_AES_128_CBC_SHA, TLS_ECDH_ECDSA_WITH_AES_128_CBC_SHA, TLS_ECDH_RSA_WITH_AES_128_CBC_SHA, TLS_DHE_RSA_WITH_AES_128_CBC_SHA, TLS_DHE_DSS_WITH_AES_128_CBC_SHA, TLS_ECDHE_ECDSA_WITH_AES_128_GCM_SHA256, TLS_ECDHE_RSA_WITH_AES_128_GCM_SHA256, TLS_RSA_WITH_AES_128_GCM_SHA256, TLS_ECDH_ECDSA_WITH_AES_128_GCM_SHA256, TLS_ECDH_RSA_WITH_AES_128_GCM_SHA256, TLS_DHE_RSA_WITH_AES_128_GCM_SHA256, TLS_DHE_DSS_WITH_AES_128_GCM_SHA256, TLS_ECDHE_ECDSA_WITH_3DES_EDE_CBC_SHA, TLS_ECDHE_RSA_WITH_3DES_EDE_CBC_SHA, SSL_RSA_WITH_3DES_EDE_CBC_SHA, TLS_ECDH_ECDSA_WITH_3DES_EDE_CBC_SHA, TLS_ECDH_RSA_WITH_3DES_EDE_CBC_SHA, SSL_DHE_RSA_WITH_3DES_EDE_CBC_SHA, SSL_DHE_DSS_WITH_3DES_EDE_CBC_SHA, TLS_EMPTY_RENEGOTIATION_INFO_SCSV, TLS_DH_anon_WITH_AES_128_GCM_SHA256, TLS_DH_anon_WITH_AES_128_CBC_SHA256, TLS_ECDH_anon_WITH_AES_128_CBC_SHA, TLS_DH_anon_WITH_AES_128_CBC_SHA, TLS_ECDH_anon_WITH_3DES_EDE_CBC_SHA, SSL_DH_anon_WITH_3DES_EDE_CBC_SHA, SSL_RSA_WITH_DES_CBC_SHA, SSL_DHE_RSA_WITH_DES_CBC_SHA, SSL_DHE_DSS_WITH_DES_CBC_SHA, SSL_DH_anon_WITH_DES_CBC_SHA, SSL_RSA_EXPORT_WITH_DES40_CBC_SHA, SSL_DHE_RSA_EXPORT_WITH_DES40_CBC_SHA, SSL_DHE_DSS_EXPORT_WITH_DES40_CBC_SHA, SSL_DH_anon_EXPORT_WITH_DES40_CBC_SHA, TLS_RSA_WITH_NULL_SHA256, TLS_ECDHE_ECDSA_WITH_NULL_SHA, TLS_ECDHE_RSA_WITH_NULL_SHA, SSL_RSA_WITH_NULL_SHA, TLS_ECDH_ECDSA_WITH_NULL_SHA, TLS_ECDH_RSA_WITH_NULL_SHA, TLS_ECDH_anon_WITH_NULL_SHA, SSL_RSA_WITH_NULL_MD5, TLS_KRB5_WITH_3DES_EDE_CBC_SHA, TLS_KRB5_WITH_3DES_EDE_CBC_MD5, TLS_KRB5_WITH_DES_CBC_SHA, TLS_KRB5_WITH_DES_CBC_MD5, TLS_KRB5_EXPORT_WITH_DES_CBC_40_SHA, TLS_KRB5_EXPORT_WITH_DES_CBC_40_MD5]
INFO  [2017-02-16 23:10:13,197] io.dropwizard.jersey.DropwizardResourceConfig: The following paths were found for the configured resources:

    POST    /balance/callback (com.wso2telco.tip.api.Endpoints)
    GET     /balance/version (com.wso2telco.tip.api.Endpoints)
    DELETE  /balance/{msisdn} (com.wso2telco.tip.api.Endpoints)
    GET     /balance/{msisdn} (com.wso2telco.tip.api.Endpoints)
    POST    /balance/{msisdn} (com.wso2telco.tip.api.Endpoints)

INFO  [2017-02-16 23:10:13,200] org.eclipse.jetty.server.handler.ContextHandler: Started i.d.j.MutableServletContextHandler@4e17913b{/,null,AVAILABLE}
INFO  [2017-02-16 23:10:13,205] io.dropwizard.setup.AdminEnvironment: tasks = 

    POST    /tasks/log-level (io.dropwizard.servlets.tasks.LogConfigurationTask)
    POST    /tasks/gc (io.dropwizard.servlets.tasks.GarbageCollectionTask)

WARN  [2017-02-16 23:10:13,205] io.dropwizard.setup.AdminEnvironment: 
!!!!!!!!!!!!!!!!!!!!!!!!!!!!!!!!!!!!!!!!!!!!!!!!!!!!!!!!!!!!!!!!!!!!!!!!!!!!!!!!
!!!!!!!!!!!!!!!!!!!!!!!!!!!!!!!!!!!!!!!!!!!!!!!!!!!!!!!!!!!!!!!!!!!!!!!!!!!!!!!!
!    THIS APPLICATION HAS NO HEALTHCHECKS. THIS MEANS YOU WILL NEVER KNOW      !
!     IF IT DIES IN PRODUCTION, WHICH MEANS YOU WILL NEVER KNOW IF YOU'RE      !
!    LETTING YOUR USERS DOWN. YOU SHOULD ADD A HEALTHCHECK FOR EACH OF YOUR    !
!         APPLICATION'S DEPENDENCIES WHICH FULLY (BUT LIGHTLY) TESTS IT.       !
!!!!!!!!!!!!!!!!!!!!!!!!!!!!!!!!!!!!!!!!!!!!!!!!!!!!!!!!!!!!!!!!!!!!!!!!!!!!!!!!
!!!!!!!!!!!!!!!!!!!!!!!!!!!!!!!!!!!!!!!!!!!!!!!!!!!!!!!!!!!!!!!!!!!!!!!!!!!!!!!!
INFO  [2017-02-16 23:10:13,210] org.eclipse.jetty.server.handler.ContextHandler: Started i.d.j.MutableServletContextHandler@6d7cada5{/,null,AVAILABLE}
INFO  [2017-02-16 23:10:13,217] org.eclipse.jetty.server.AbstractConnector: Started application@6e9319f{HTTP/1.1,[http/1.1]}{0.0.0.0:8181}
INFO  [2017-02-16 23:10:13,220] org.eclipse.jetty.server.AbstractConnector: Started application@72e34f77{SSL,[ssl, http/1.1]}{0.0.0.0:8444}
INFO  [2017-02-16 23:10:13,223] org.eclipse.jetty.server.AbstractConnector: Started admin@7bf9b098{HTTP/1.1,[http/1.1]}{0.0.0.0:8282}
INFO  [2017-02-16 23:10:13,223] org.eclipse.jetty.server.Server: Started @2129ms
DEBUG [2017-02-16 23:10:16,330] com.wso2telco.tip.api.Endpoints: version endpoint called
INFO  [2017-02-16 23:10:16,330] com.wso2telco.tip.api.Endpoints: version endpoint called
INFO  [2017-02-16 23:10:58,668] org.eclipse.jetty.server.AbstractConnector: Stopped application@6e9319f{HTTP/1.1,[http/1.1]}{0.0.0.0:8181}
INFO  [2017-02-16 23:10:58,671] org.eclipse.jetty.server.AbstractConnector: Stopped application@72e34f77{SSL,[ssl, http/1.1]}{0.0.0.0:8444}
INFO  [2017-02-16 23:10:58,674] org.eclipse.jetty.server.AbstractConnector: Stopped admin@7bf9b098{HTTP/1.1,[http/1.1]}{0.0.0.0:8282}
INFO  [2017-02-16 23:10:58,677] org.eclipse.jetty.server.handler.ContextHandler: Stopped i.d.j.MutableServletContextHandler@6d7cada5{/,null,UNAVAILABLE}
INFO  [2017-02-16 23:10:58,682] org.eclipse.jetty.server.handler.ContextHandler: Stopped i.d.j.MutableServletContextHandler@4e17913b{/,null,UNAVAILABLE}
INFO  [2017-02-16 23:11:12,809] org.eclipse.jetty.util.log: Logging initialized @1112ms
INFO  [2017-02-16 23:11:12,863] io.dropwizard.server.DefaultServerFactory: Registering jersey handler with root path prefix: /
INFO  [2017-02-16 23:11:12,863] io.dropwizard.server.DefaultServerFactory: Registering admin handler with root path prefix: /
INFO  [2017-02-16 23:11:12,863] com.wso2telco.tip.conf.ApplicationInitializer: Registering REST resources
INFO  [2017-02-16 23:11:12,863] com.wso2telco.tip.conf.ApplicationInitializer: Initializing Config
INFO  [2017-02-16 23:11:12,867] io.dropwizard.server.DefaultServerFactory: Registering jersey handler with root path prefix: /
INFO  [2017-02-16 23:11:12,867] io.dropwizard.server.DefaultServerFactory: Registering admin handler with root path prefix: /
INFO  [2017-02-16 23:11:12,868] io.dropwizard.server.ServerFactory: Starting ApplicationInitializer
INFO  [2017-02-16 23:11:12,999] org.eclipse.jetty.setuid.SetUIDListener: Opened application@6e9319f{HTTP/1.1,[http/1.1]}{0.0.0.0:8181}
INFO  [2017-02-16 23:11:13,000] org.eclipse.jetty.setuid.SetUIDListener: Opened application@72e34f77{SSL,[ssl, http/1.1]}{0.0.0.0:8444}
INFO  [2017-02-16 23:11:13,000] org.eclipse.jetty.setuid.SetUIDListener: Opened admin@7bf9b098{HTTP/1.1,[http/1.1]}{0.0.0.0:8282}
INFO  [2017-02-16 23:11:13,002] org.eclipse.jetty.server.Server: jetty-9.3.z-SNAPSHOT
INFO  [2017-02-16 23:11:13,031] org.eclipse.jetty.server.AbstractConnector: Started application@6e9319f{HTTP/1.1,[http/1.1]}{0.0.0.0:8181}
WARN  [2017-02-16 23:11:13,032] org.eclipse.jetty.util.thread.QueuedThreadPool: dw-admin{STOPPED,1<=0<=64,i=0,q=0} rejected org.eclipse.jetty.io.ManagedSelector@3f093abe id=0 keys=0 selected=0
ERROR [2017-02-16 23:11:13,036] io.dropwizard.cli.ServerCommand: Unable to start server, shutting down
! java.lang.IllegalStateException: no valid keystore
! at org.eclipse.jetty.util.security.CertificateUtils.getKeyStore(CertificateUtils.java:48)
! at org.eclipse.jetty.util.ssl.SslContextFactory.loadKeyStore(SslContextFactory.java:1027)
! at org.eclipse.jetty.util.ssl.SslContextFactory.doStart(SslContextFactory.java:333)
! at org.eclipse.jetty.util.component.AbstractLifeCycle.start(AbstractLifeCycle.java:68)
! at org.eclipse.jetty.util.component.ContainerLifeCycle.start(ContainerLifeCycle.java:132)
! at org.eclipse.jetty.server.Server.start(Server.java:411)
! at org.eclipse.jetty.util.component.ContainerLifeCycle.doStart(ContainerLifeCycle.java:114)
! at org.eclipse.jetty.server.handler.AbstractHandler.doStart(AbstractHandler.java:61)
! at org.eclipse.jetty.server.Server.doStart(Server.java:378)
! ... 7 common frames omitted
! Causing: org.eclipse.jetty.util.MultiException: Multiple exceptions
! at org.eclipse.jetty.server.Server.doStart(Server.java:353)
! at org.eclipse.jetty.util.component.AbstractLifeCycle.start(AbstractLifeCycle.java:68)
! at io.dropwizard.cli.ServerCommand.run(ServerCommand.java:53)
! at io.dropwizard.cli.EnvironmentCommand.run(EnvironmentCommand.java:44)
! at io.dropwizard.cli.ConfiguredCommand.run(ConfiguredCommand.java:85)
! at io.dropwizard.cli.Cli.run(Cli.java:75)
! at io.dropwizard.Application.run(Application.java:79)
! at com.wso2telco.tip.conf.ApplicationInitializer.main(ApplicationInitializer.java:18)
! Suppressed: java.lang.IllegalStateException: no valid keystore
! 	at org.eclipse.jetty.util.security.CertificateUtils.getKeyStore(CertificateUtils.java:48)
! 	at org.eclipse.jetty.util.ssl.SslContextFactory.loadKeyStore(SslContextFactory.java:1027)
! 	at org.eclipse.jetty.util.ssl.SslContextFactory.doStart(SslContextFactory.java:333)
! 	at org.eclipse.jetty.util.component.AbstractLifeCycle.start(AbstractLifeCycle.java:68)
! 	at org.eclipse.jetty.util.component.ContainerLifeCycle.start(ContainerLifeCycle.java:132)
! 	at org.eclipse.jetty.util.component.ContainerLifeCycle.doStart(ContainerLifeCycle.java:114)
! 	at org.eclipse.jetty.server.SslConnectionFactory.doStart(SslConnectionFactory.java:64)
! 	at org.eclipse.jetty.util.component.AbstractLifeCycle.start(AbstractLifeCycle.java:68)
! 	at org.eclipse.jetty.util.component.ContainerLifeCycle.start(ContainerLifeCycle.java:132)
! 	at org.eclipse.jetty.util.component.ContainerLifeCycle.doStart(ContainerLifeCycle.java:114)
! 	at org.eclipse.jetty.util.component.AbstractLifeCycle.start(AbstractLifeCycle.java:68)
! 	at org.eclipse.jetty.util.component.ContainerLifeCycle.start(ContainerLifeCycle.java:132)
! 	at org.eclipse.jetty.util.component.ContainerLifeCycle.doStart(ContainerLifeCycle.java:114)
! 	at org.eclipse.jetty.server.AbstractConnector.doStart(AbstractConnector.java:260)
! 	at org.eclipse.jetty.server.AbstractNetworkConnector.doStart(AbstractNetworkConnector.java:81)
! 	at org.eclipse.jetty.server.ServerConnector.doStart(ServerConnector.java:235)
! 	at org.eclipse.jetty.util.component.AbstractLifeCycle.start(AbstractLifeCycle.java:68)
! 	at org.eclipse.jetty.server.Server.doStart(Server.java:390)
! 	... 7 common frames omitted
! Suppressed: java.util.concurrent.RejectedExecutionException: org.eclipse.jetty.io.ManagedSelector@3f093abe id=0 keys=0 selected=0
! 	at org.eclipse.jetty.util.thread.QueuedThreadPool.execute(QueuedThreadPool.java:383)
! 	at org.eclipse.jetty.io.SelectorManager.execute(SelectorManager.java:143)
! 	at org.eclipse.jetty.io.ManagedSelector.doStart(ManagedSelector.java:91)
! 	at org.eclipse.jetty.util.component.AbstractLifeCycle.start(AbstractLifeCycle.java:68)
! 	at org.eclipse.jetty.util.component.ContainerLifeCycle.start(ContainerLifeCycle.java:132)
! 	at org.eclipse.jetty.util.component.ContainerLifeCycle.doStart(ContainerLifeCycle.java:114)
! 	at org.eclipse.jetty.io.SelectorManager.doStart(SelectorManager.java:273)
! 	at org.eclipse.jetty.util.component.AbstractLifeCycle.start(AbstractLifeCycle.java:68)
! 	at org.eclipse.jetty.util.component.ContainerLifeCycle.start(ContainerLifeCycle.java:132)
! 	at org.eclipse.jetty.util.component.ContainerLifeCycle.doStart(ContainerLifeCycle.java:106)
! 	at org.eclipse.jetty.server.AbstractConnector.doStart(AbstractConnector.java:260)
! 	at org.eclipse.jetty.server.AbstractNetworkConnector.doStart(AbstractNetworkConnector.java:81)
! 	at org.eclipse.jetty.server.ServerConnector.doStart(ServerConnector.java:235)
! 	at org.eclipse.jetty.util.component.AbstractLifeCycle.start(AbstractLifeCycle.java:68)
! 	at org.eclipse.jetty.server.Server.doStart(Server.java:390)
! 	... 7 common frames omitted
INFO  [2017-02-16 23:11:13,040] org.eclipse.jetty.server.AbstractConnector: Stopped application@6e9319f{HTTP/1.1,[http/1.1]}{0.0.0.0:8181}
INFO  [2017-02-16 23:11:13,040] org.eclipse.jetty.server.AbstractConnector: Stopped application@72e34f77{SSL,[ssl, http/1.1]}{0.0.0.0:8444}
INFO  [2017-02-16 23:11:38,224] org.eclipse.jetty.util.log: Logging initialized @1078ms
INFO  [2017-02-16 23:11:38,304] io.dropwizard.server.DefaultServerFactory: Registering jersey handler with root path prefix: /
INFO  [2017-02-16 23:11:38,305] io.dropwizard.server.DefaultServerFactory: Registering admin handler with root path prefix: /
INFO  [2017-02-16 23:11:38,305] com.wso2telco.tip.conf.ApplicationInitializer: Registering REST resources
INFO  [2017-02-16 23:11:38,306] com.wso2telco.tip.conf.ApplicationInitializer: Initializing Config
INFO  [2017-02-16 23:11:38,310] io.dropwizard.server.DefaultServerFactory: Registering jersey handler with root path prefix: /
INFO  [2017-02-16 23:11:38,311] io.dropwizard.server.DefaultServerFactory: Registering admin handler with root path prefix: /
INFO  [2017-02-16 23:11:38,312] io.dropwizard.server.ServerFactory: Starting ApplicationInitializer
INFO  [2017-02-16 23:11:38,459] org.eclipse.jetty.setuid.SetUIDListener: Opened application@76c7beb3{HTTP/1.1,[http/1.1]}{0.0.0.0:8181}
INFO  [2017-02-16 23:11:38,460] org.eclipse.jetty.setuid.SetUIDListener: Opened admin@64337702{HTTP/1.1,[http/1.1]}{0.0.0.0:8282}
INFO  [2017-02-16 23:11:38,462] org.eclipse.jetty.server.Server: jetty-9.3.z-SNAPSHOT
INFO  [2017-02-16 23:11:38,930] io.dropwizard.jersey.DropwizardResourceConfig: The following paths were found for the configured resources:

    POST    /balance/callback (com.wso2telco.tip.api.Endpoints)
    GET     /balance/version (com.wso2telco.tip.api.Endpoints)
    DELETE  /balance/{msisdn} (com.wso2telco.tip.api.Endpoints)
    GET     /balance/{msisdn} (com.wso2telco.tip.api.Endpoints)
    POST    /balance/{msisdn} (com.wso2telco.tip.api.Endpoints)

INFO  [2017-02-16 23:11:38,932] org.eclipse.jetty.server.handler.ContextHandler: Started i.d.j.MutableServletContextHandler@5cbd159f{/,null,AVAILABLE}
INFO  [2017-02-16 23:11:38,937] io.dropwizard.setup.AdminEnvironment: tasks = 

    POST    /tasks/log-level (io.dropwizard.servlets.tasks.LogConfigurationTask)
    POST    /tasks/gc (io.dropwizard.servlets.tasks.GarbageCollectionTask)

WARN  [2017-02-16 23:11:38,937] io.dropwizard.setup.AdminEnvironment: 
!!!!!!!!!!!!!!!!!!!!!!!!!!!!!!!!!!!!!!!!!!!!!!!!!!!!!!!!!!!!!!!!!!!!!!!!!!!!!!!!
!!!!!!!!!!!!!!!!!!!!!!!!!!!!!!!!!!!!!!!!!!!!!!!!!!!!!!!!!!!!!!!!!!!!!!!!!!!!!!!!
!    THIS APPLICATION HAS NO HEALTHCHECKS. THIS MEANS YOU WILL NEVER KNOW      !
!     IF IT DIES IN PRODUCTION, WHICH MEANS YOU WILL NEVER KNOW IF YOU'RE      !
!    LETTING YOUR USERS DOWN. YOU SHOULD ADD A HEALTHCHECK FOR EACH OF YOUR    !
!         APPLICATION'S DEPENDENCIES WHICH FULLY (BUT LIGHTLY) TESTS IT.       !
!!!!!!!!!!!!!!!!!!!!!!!!!!!!!!!!!!!!!!!!!!!!!!!!!!!!!!!!!!!!!!!!!!!!!!!!!!!!!!!!
!!!!!!!!!!!!!!!!!!!!!!!!!!!!!!!!!!!!!!!!!!!!!!!!!!!!!!!!!!!!!!!!!!!!!!!!!!!!!!!!
INFO  [2017-02-16 23:11:38,941] org.eclipse.jetty.server.handler.ContextHandler: Started i.d.j.MutableServletContextHandler@31464a43{/,null,AVAILABLE}
INFO  [2017-02-16 23:11:38,948] org.eclipse.jetty.server.AbstractConnector: Started application@76c7beb3{HTTP/1.1,[http/1.1]}{0.0.0.0:8181}
INFO  [2017-02-16 23:11:38,948] org.eclipse.jetty.server.AbstractConnector: Started admin@64337702{HTTP/1.1,[http/1.1]}{0.0.0.0:8282}
INFO  [2017-02-16 23:11:38,949] org.eclipse.jetty.server.Server: Started @1804ms
DEBUG [2017-02-16 23:11:42,674] com.wso2telco.tip.api.Endpoints: version endpoint called
INFO  [2017-02-16 23:11:42,674] com.wso2telco.tip.api.Endpoints: version endpoint called
DEBUG [2017-02-16 23:11:43,456] com.wso2telco.tip.api.Endpoints: version endpoint called
INFO  [2017-02-16 23:11:43,456] com.wso2telco.tip.api.Endpoints: version endpoint called
INFO  [2017-02-16 23:11:45,678] org.eclipse.jetty.server.AbstractConnector: Stopped application@76c7beb3{HTTP/1.1,[http/1.1]}{0.0.0.0:8181}
INFO  [2017-02-16 23:11:45,683] org.eclipse.jetty.server.AbstractConnector: Stopped admin@64337702{HTTP/1.1,[http/1.1]}{0.0.0.0:8282}
INFO  [2017-02-16 23:11:45,689] org.eclipse.jetty.server.handler.ContextHandler: Stopped i.d.j.MutableServletContextHandler@31464a43{/,null,UNAVAILABLE}
INFO  [2017-02-16 23:11:45,695] org.eclipse.jetty.server.handler.ContextHandler: Stopped i.d.j.MutableServletContextHandler@5cbd159f{/,null,UNAVAILABLE}
